The system is: Linux - 4.19.4-arch1-1-ARCH - x86_64
Compiling the C compiler identification source file "CMakeCCompilerId.c" succeeded.
Compiler: /bin/gcc 
Build flags: 
Id flags:  

The output was:
0


Compilation of the C compiler identification source "CMakeCCompilerId.c" produced "a.out"

The C compiler identification is GNU, found in "/home/shivanandvp/Development/nlmp_bvp/build/CMakeFiles/3.12.4/CompilerIdC/a.out"

Compiling the CXX compiler identification source file "CMakeCXXCompilerId.cpp" succeeded.
Compiler: /bin/g++ 
Build flags: 
Id flags:  

The output was:
0


Compilation of the CXX compiler identification source "CMakeCXXCompilerId.cpp" produced "a.out"

The CXX compiler identification is GNU, found in "/home/shivanandvp/Development/nlmp_bvp/build/CMakeFiles/3.12.4/CompilerIdCXX/a.out"

Determining if the C compiler works passed with the following output:
Change Dir: /home/shivanandvp/Development/nlmp_bvp/build/CMakeFiles/CMakeTmp

Run Build Command:"/usr/bin/make" "cmTC_69044/fast"
/usr/bin/make -f CMakeFiles/cmTC_69044.dir/build.make CMakeFiles/cmTC_69044.dir/build
make[1]: Entering directory '/home/shivanandvp/Development/nlmp_bvp/build/CMakeFiles/CMakeTmp'
Building C object CMakeFiles/cmTC_69044.dir/testCCompiler.c.o
/bin/gcc***REMOVED*** -o CMakeFiles/cmTC_69044.dir/testCCompiler.c.o***REMOVED***-c /home/shivanandvp/Development/nlmp_bvp/build/CMakeFiles/CMakeTmp/testCCompiler.c
Linking C executable cmTC_69044
/usr/bin/cmake -E cmake_link_script CMakeFiles/cmTC_69044.dir/link.txt --verbose=1
/bin/gcc***REMOVED******REMOVED***-rdynamic CMakeFiles/cmTC_69044.dir/testCCompiler.c.o  -o cmTC_69044 
make[1]: Leaving directory '/home/shivanandvp/Development/nlmp_bvp/build/CMakeFiles/CMakeTmp'


Detecting C compiler ABI info compiled with the following output:
Change Dir: /home/shivanandvp/Development/nlmp_bvp/build/CMakeFiles/CMakeTmp

Run Build Command:"/usr/bin/make" "cmTC_d2c58/fast"
/usr/bin/make -f CMakeFiles/cmTC_d2c58.dir/build.make CMakeFiles/cmTC_d2c58.dir/build
make[1]: Entering directory '/home/shivanandvp/Development/nlmp_bvp/build/CMakeFiles/CMakeTmp'
Building C object CMakeFiles/cmTC_d2c58.dir/CMakeCCompilerABI.c.o
/bin/gcc***REMOVED*** -o CMakeFiles/cmTC_d2c58.dir/CMakeCCompilerABI.c.o***REMOVED***-c /usr/share/cmake-3.12/Modules/CMakeCCompilerABI.c
Linking C executable cmTC_d2c58
/usr/bin/cmake -E cmake_link_script CMakeFiles/cmTC_d2c58.dir/link.txt --verbose=1
/bin/gcc***REMOVED***  -v -rdynamic CMakeFiles/cmTC_d2c58.dir/CMakeCCompilerABI.c.o  -o cmTC_d2c58 
Using built-in specs.
COLLECT_GCC=/bin/gcc
COLLECT_LTO_WRAPPER=/usr/lib/gcc/x86_64-pc-linux-gnu/8.2.1/lto-wrapper
Target: x86_64-pc-linux-gnu
Configured with: /build/gcc/src/gcc/configure --prefix=/usr --libdir=/usr/lib --libexecdir=/usr/lib --mandir=/usr/share/man --infodir=/usr/share/info --with-bugurl=https://bugs.archlinux.org/ --enable-languages=c,c++,ada,fortran,go,lto,objc,obj-c++ --enable-shared --enable-threads=posix --enable-libmpx --with-system-zlib --with-isl --enable-__cxa_atexit --disable-libunwind-exceptions --enable-clocale=gnu --disable-libstdcxx-pch --disable-libssp --enable-gnu-unique-object --enable-linker-build-id --enable-lto --enable-plugin --enable-install-libiberty --with-linker-hash-style=gnu --enable-gnu-indirect-function --enable-multilib --disable-werror --enable-checking=release --enable-default-pie --enable-default-ssp --enable-cet=auto
Thread model: posix
gcc version 8.2.1 20180831 (GCC) 
COMPILER_PATH=/usr/lib/gcc/x86_64-pc-linux-gnu/8.2.1/:/usr/lib/gcc/x86_64-pc-linux-gnu/8.2.1/:/usr/lib/gcc/x86_64-pc-linux-gnu/:/usr/lib/gcc/x86_64-pc-linux-gnu/8.2.1/:/usr/lib/gcc/x86_64-pc-linux-gnu/
LIBRARY_PATH=/usr/lib/gcc/x86_64-pc-linux-gnu/8.2.1/:/usr/lib/gcc/x86_64-pc-linux-gnu/8.2.1/../../../../lib/:/lib/../lib/:/usr/lib/../lib/:/usr/lib/gcc/x86_64-pc-linux-gnu/8.2.1/../../../:/lib/:/usr/lib/
COLLECT_GCC_OPTIONS='-v' '-rdynamic' '-o' 'cmTC_d2c58' '-mtune=generic' '-march=x86-64'
 /usr/lib/gcc/x86_64-pc-linux-gnu/8.2.1/collect2 -plugin /usr/lib/gcc/x86_64-pc-linux-gnu/8.2.1/liblto_plugin.so -plugin-opt=/usr/lib/gcc/x86_64-pc-linux-gnu/8.2.1/lto-wrapper -plugin-opt=-fresolution=/tmp/ccrfaR2M.res -plugin-opt=-pass-through=-lgcc -plugin-opt=-pass-through=-lgcc_s -plugin-opt=-pass-through=-lc -plugin-opt=-pass-through=-lgcc -plugin-opt=-pass-through=-lgcc_s --build-id --eh-frame-hdr --hash-style=gnu -m elf_x86_64 -export-dynamic -dynamic-linker /lib64/ld-linux-x86-64.so.2 -pie -o cmTC_d2c58 /usr/lib/gcc/x86_64-pc-linux-gnu/8.2.1/../../../../lib/Scrt1.o /usr/lib/gcc/x86_64-pc-linux-gnu/8.2.1/../../../../lib/crti.o /usr/lib/gcc/x86_64-pc-linux-gnu/8.2.1/crtbeginS.o -L/usr/lib/gcc/x86_64-pc-linux-gnu/8.2.1 -L/usr/lib/gcc/x86_64-pc-linux-gnu/8.2.1/../../../../lib -L/lib/../lib -L/usr/lib/../lib -L/usr/lib/gcc/x86_64-pc-linux-gnu/8.2.1/../../.. CMakeFiles/cmTC_d2c58.dir/CMakeCCompilerABI.c.o -lgcc --as-needed -lgcc_s --no-as-needed -lc -lgcc --as-needed -lgcc_s --no-as-needed /usr/lib/gcc/x86_64-pc-linux-gnu/8.2.1/crtendS.o /usr/lib/gcc/x86_64-pc-linux-gnu/8.2.1/../../../../lib/crtn.o
COLLECT_GCC_OPTIONS='-v' '-rdynamic' '-o' 'cmTC_d2c58' '-mtune=generic' '-march=x86-64'
make[1]: Leaving directory '/home/shivanandvp/Development/nlmp_bvp/build/CMakeFiles/CMakeTmp'


Parsed C implicit link information from above output:
  link line regex: [^( *|.*[/\])(ld|CMAKE_LINK_STARTFILE-NOTFOUND|([^/\]+-)?ld|collect2)[^/\]*( |$)]
  ignore line: [Change Dir: /home/shivanandvp/Development/nlmp_bvp/build/CMakeFiles/CMakeTmp]
  ignore line: []
  ignore line: [Run Build Command:"/usr/bin/make" "cmTC_d2c58/fast"]
  ignore line: [/usr/bin/make -f CMakeFiles/cmTC_d2c58.dir/build.make CMakeFiles/cmTC_d2c58.dir/build]
  ignore line: [make[1]: Entering directory '/home/shivanandvp/Development/nlmp_bvp/build/CMakeFiles/CMakeTmp']
  ignore line: [Building C object CMakeFiles/cmTC_d2c58.dir/CMakeCCompilerABI.c.o]
  ignore line: [/bin/gcc***REMOVED*** -o CMakeFiles/cmTC_d2c58.dir/CMakeCCompilerABI.c.o***REMOVED***-c /usr/share/cmake-3.12/Modules/CMakeCCompilerABI.c]
  ignore line: [Linking C executable cmTC_d2c58]
  ignore line: [/usr/bin/cmake -E cmake_link_script CMakeFiles/cmTC_d2c58.dir/link.txt --verbose=1]
  ignore line: [/bin/gcc***REMOVED***  -v -rdynamic CMakeFiles/cmTC_d2c58.dir/CMakeCCompilerABI.c.o  -o cmTC_d2c58 ]
  ignore line: [Using built-in specs.]
  ignore line: [COLLECT_GCC=/bin/gcc]
  ignore line: [COLLECT_LTO_WRAPPER=/usr/lib/gcc/x86_64-pc-linux-gnu/8.2.1/lto-wrapper]
  ignore line: [Target: x86_64-pc-linux-gnu]
  ignore line: [Configured with: /build/gcc/src/gcc/configure --prefix=/usr --libdir=/usr/lib --libexecdir=/usr/lib --mandir=/usr/share/man --infodir=/usr/share/info --with-bugurl=https://bugs.archlinux.org/ --enable-languages=c,c++,ada,fortran,go,lto,objc,obj-c++ --enable-shared --enable-threads=posix --enable-libmpx --with-system-zlib --with-isl --enable-__cxa_atexit --disable-libunwind-exceptions --enable-clocale=gnu --disable-libstdcxx-pch --disable-libssp --enable-gnu-unique-object --enable-linker-build-id --enable-lto --enable-plugin --enable-install-libiberty --with-linker-hash-style=gnu --enable-gnu-indirect-function --enable-multilib --disable-werror --enable-checking=release --enable-default-pie --enable-default-ssp --enable-cet=auto]
  ignore line: [Thread model: posix]
  ignore line: [gcc version 8.2.1 20180831 (GCC) ]
  ignore line: [COMPILER_PATH=/usr/lib/gcc/x86_64-pc-linux-gnu/8.2.1/:/usr/lib/gcc/x86_64-pc-linux-gnu/8.2.1/:/usr/lib/gcc/x86_64-pc-linux-gnu/:/usr/lib/gcc/x86_64-pc-linux-gnu/8.2.1/:/usr/lib/gcc/x86_64-pc-linux-gnu/]
  ignore line: [LIBRARY_PATH=/usr/lib/gcc/x86_64-pc-linux-gnu/8.2.1/:/usr/lib/gcc/x86_64-pc-linux-gnu/8.2.1/../../../../lib/:/lib/../lib/:/usr/lib/../lib/:/usr/lib/gcc/x86_64-pc-linux-gnu/8.2.1/../../../:/lib/:/usr/lib/]
  ignore line: [COLLECT_GCC_OPTIONS='-v' '-rdynamic' '-o' 'cmTC_d2c58' '-mtune=generic' '-march=x86-64']
  link line: [ /usr/lib/gcc/x86_64-pc-linux-gnu/8.2.1/collect2 -plugin /usr/lib/gcc/x86_64-pc-linux-gnu/8.2.1/liblto_plugin.so -plugin-opt=/usr/lib/gcc/x86_64-pc-linux-gnu/8.2.1/lto-wrapper -plugin-opt=-fresolution=/tmp/ccrfaR2M.res -plugin-opt=-pass-through=-lgcc -plugin-opt=-pass-through=-lgcc_s -plugin-opt=-pass-through=-lc -plugin-opt=-pass-through=-lgcc -plugin-opt=-pass-through=-lgcc_s --build-id --eh-frame-hdr --hash-style=gnu -m elf_x86_64 -export-dynamic -dynamic-linker /lib64/ld-linux-x86-64.so.2 -pie -o cmTC_d2c58 /usr/lib/gcc/x86_64-pc-linux-gnu/8.2.1/../../../../lib/Scrt1.o /usr/lib/gcc/x86_64-pc-linux-gnu/8.2.1/../../../../lib/crti.o /usr/lib/gcc/x86_64-pc-linux-gnu/8.2.1/crtbeginS.o -L/usr/lib/gcc/x86_64-pc-linux-gnu/8.2.1 -L/usr/lib/gcc/x86_64-pc-linux-gnu/8.2.1/../../../../lib -L/lib/../lib -L/usr/lib/../lib -L/usr/lib/gcc/x86_64-pc-linux-gnu/8.2.1/../../.. CMakeFiles/cmTC_d2c58.dir/CMakeCCompilerABI.c.o -lgcc --as-needed -lgcc_s --no-as-needed -lc -lgcc --as-needed -lgcc_s --no-as-needed /usr/lib/gcc/x86_64-pc-linux-gnu/8.2.1/crtendS.o /usr/lib/gcc/x86_64-pc-linux-gnu/8.2.1/../../../../lib/crtn.o]
***REMOVED*** arg [/usr/lib/gcc/x86_64-pc-linux-gnu/8.2.1/collect2] ==> ignore
***REMOVED*** arg [-plugin] ==> ignore
***REMOVED*** arg [/usr/lib/gcc/x86_64-pc-linux-gnu/8.2.1/liblto_plugin.so] ==> ignore
***REMOVED*** arg [-plugin-opt=/usr/lib/gcc/x86_64-pc-linux-gnu/8.2.1/lto-wrapper] ==> ignore
***REMOVED*** arg [-plugin-opt=-fresolution=/tmp/ccrfaR2M.res] ==> ignore
***REMOVED*** arg [-plugin-opt=-pass-through=-lgcc] ==> ignore
***REMOVED*** arg [-plugin-opt=-pass-through=-lgcc_s] ==> ignore
***REMOVED*** arg [-plugin-opt=-pass-through=-lc] ==> ignore
***REMOVED*** arg [-plugin-opt=-pass-through=-lgcc] ==> ignore
***REMOVED*** arg [-plugin-opt=-pass-through=-lgcc_s] ==> ignore
***REMOVED*** arg [--build-id] ==> ignore
***REMOVED*** arg [--eh-frame-hdr] ==> ignore
***REMOVED*** arg [--hash-style=gnu] ==> ignore
***REMOVED*** arg [-m] ==> ignore
***REMOVED*** arg [elf_x86_64] ==> ignore
***REMOVED*** arg [-export-dynamic] ==> ignore
***REMOVED*** arg [-dynamic-linker] ==> ignore
***REMOVED*** arg [/lib64/ld-linux-x86-64.so.2] ==> ignore
***REMOVED*** arg [-pie] ==> ignore
***REMOVED*** arg [-o] ==> ignore
***REMOVED*** arg [cmTC_d2c58] ==> ignore
***REMOVED*** arg [/usr/lib/gcc/x86_64-pc-linux-gnu/8.2.1/../../../../lib/Scrt1.o] ==> ignore
***REMOVED*** arg [/usr/lib/gcc/x86_64-pc-linux-gnu/8.2.1/../../../../lib/crti.o] ==> ignore
***REMOVED*** arg [/usr/lib/gcc/x86_64-pc-linux-gnu/8.2.1/crtbeginS.o] ==> ignore
***REMOVED*** arg [-L/usr/lib/gcc/x86_64-pc-linux-gnu/8.2.1] ==> dir [/usr/lib/gcc/x86_64-pc-linux-gnu/8.2.1]
***REMOVED*** arg [-L/usr/lib/gcc/x86_64-pc-linux-gnu/8.2.1/../../../../lib] ==> dir [/usr/lib/gcc/x86_64-pc-linux-gnu/8.2.1/../../../../lib]
***REMOVED*** arg [-L/lib/../lib] ==> dir [/lib/../lib]
***REMOVED*** arg [-L/usr/lib/../lib] ==> dir [/usr/lib/../lib]
***REMOVED*** arg [-L/usr/lib/gcc/x86_64-pc-linux-gnu/8.2.1/../../..] ==> dir [/usr/lib/gcc/x86_64-pc-linux-gnu/8.2.1/../../..]
***REMOVED*** arg [CMakeFiles/cmTC_d2c58.dir/CMakeCCompilerABI.c.o] ==> ignore
***REMOVED*** arg [-lgcc] ==> lib [gcc]
***REMOVED*** arg [--as-needed] ==> ignore
***REMOVED*** arg [-lgcc_s] ==> lib [gcc_s]
***REMOVED*** arg [--no-as-needed] ==> ignore
***REMOVED*** arg [-lc] ==> lib [c]
***REMOVED*** arg [-lgcc] ==> lib [gcc]
***REMOVED*** arg [--as-needed] ==> ignore
***REMOVED*** arg [-lgcc_s] ==> lib [gcc_s]
***REMOVED*** arg [--no-as-needed] ==> ignore
***REMOVED*** arg [/usr/lib/gcc/x86_64-pc-linux-gnu/8.2.1/crtendS.o] ==> ignore
***REMOVED*** arg [/usr/lib/gcc/x86_64-pc-linux-gnu/8.2.1/../../../../lib/crtn.o] ==> ignore
  collapse library dir [/usr/lib/gcc/x86_64-pc-linux-gnu/8.2.1] ==> [/usr/lib/gcc/x86_64-pc-linux-gnu/8.2.1]
  collapse library dir [/usr/lib/gcc/x86_64-pc-linux-gnu/8.2.1/../../../../lib] ==> [/usr/lib]
  collapse library dir [/lib/../lib] ==> [/lib]
  collapse library dir [/usr/lib/../lib] ==> [/usr/lib]
  collapse library dir [/usr/lib/gcc/x86_64-pc-linux-gnu/8.2.1/../../..] ==> [/usr/lib]
  implicit libs: [gcc;gcc_s;c;gcc;gcc_s]
  implicit dirs: [/usr/lib/gcc/x86_64-pc-linux-gnu/8.2.1;/usr/lib;/lib]
  implicit fwks: []




Detecting C [-std=c11] compiler features compiled with the following output:
Change Dir: /home/shivanandvp/Development/nlmp_bvp/build/CMakeFiles/CMakeTmp

Run Build Command:"/usr/bin/make" "cmTC_c0859/fast"
/usr/bin/make -f CMakeFiles/cmTC_c0859.dir/build.make CMakeFiles/cmTC_c0859.dir/build
make[1]: Entering directory '/home/shivanandvp/Development/nlmp_bvp/build/CMakeFiles/CMakeTmp'
Building C object CMakeFiles/cmTC_c0859.dir/feature_tests.c.o
/bin/gcc***REMOVED***-std=c11 -o CMakeFiles/cmTC_c0859.dir/feature_tests.c.o***REMOVED***-c /home/shivanandvp/Development/nlmp_bvp/build/CMakeFiles/feature_tests.c
Linking C executable cmTC_c0859
/usr/bin/cmake -E cmake_link_script CMakeFiles/cmTC_c0859.dir/link.txt --verbose=1
/bin/gcc***REMOVED******REMOVED***-rdynamic CMakeFiles/cmTC_c0859.dir/feature_tests.c.o  -o cmTC_c0859 
make[1]: Leaving directory '/home/shivanandvp/Development/nlmp_bvp/build/CMakeFiles/CMakeTmp'


***REMOVED*** Feature record: C_FEATURE:1c_function_prototypes
***REMOVED*** Feature record: C_FEATURE:1c_restrict
***REMOVED*** Feature record: C_FEATURE:1c_static_assert
***REMOVED*** Feature record: C_FEATURE:1c_variadic_macros


Detecting C [-std=c99] compiler features compiled with the following output:
Change Dir: /home/shivanandvp/Development/nlmp_bvp/build/CMakeFiles/CMakeTmp

Run Build Command:"/usr/bin/make" "cmTC_1b5dd/fast"
/usr/bin/make -f CMakeFiles/cmTC_1b5dd.dir/build.make CMakeFiles/cmTC_1b5dd.dir/build
make[1]: Entering directory '/home/shivanandvp/Development/nlmp_bvp/build/CMakeFiles/CMakeTmp'
Building C object CMakeFiles/cmTC_1b5dd.dir/feature_tests.c.o
/bin/gcc***REMOVED***-std=c99 -o CMakeFiles/cmTC_1b5dd.dir/feature_tests.c.o***REMOVED***-c /home/shivanandvp/Development/nlmp_bvp/build/CMakeFiles/feature_tests.c
Linking C executable cmTC_1b5dd
/usr/bin/cmake -E cmake_link_script CMakeFiles/cmTC_1b5dd.dir/link.txt --verbose=1
/bin/gcc***REMOVED******REMOVED***-rdynamic CMakeFiles/cmTC_1b5dd.dir/feature_tests.c.o  -o cmTC_1b5dd 
make[1]: Leaving directory '/home/shivanandvp/Development/nlmp_bvp/build/CMakeFiles/CMakeTmp'


***REMOVED*** Feature record: C_FEATURE:1c_function_prototypes
***REMOVED*** Feature record: C_FEATURE:1c_restrict
***REMOVED*** Feature record: C_FEATURE:0c_static_assert
***REMOVED*** Feature record: C_FEATURE:1c_variadic_macros


Detecting C [-std=c90] compiler features compiled with the following output:
Change Dir: /home/shivanandvp/Development/nlmp_bvp/build/CMakeFiles/CMakeTmp

Run Build Command:"/usr/bin/make" "cmTC_b51e6/fast"
/usr/bin/make -f CMakeFiles/cmTC_b51e6.dir/build.make CMakeFiles/cmTC_b51e6.dir/build
make[1]: Entering directory '/home/shivanandvp/Development/nlmp_bvp/build/CMakeFiles/CMakeTmp'
Building C object CMakeFiles/cmTC_b51e6.dir/feature_tests.c.o
/bin/gcc***REMOVED***-std=c90 -o CMakeFiles/cmTC_b51e6.dir/feature_tests.c.o***REMOVED***-c /home/shivanandvp/Development/nlmp_bvp/build/CMakeFiles/feature_tests.c
Linking C executable cmTC_b51e6
/usr/bin/cmake -E cmake_link_script CMakeFiles/cmTC_b51e6.dir/link.txt --verbose=1
/bin/gcc***REMOVED******REMOVED***-rdynamic CMakeFiles/cmTC_b51e6.dir/feature_tests.c.o  -o cmTC_b51e6 
make[1]: Leaving directory '/home/shivanandvp/Development/nlmp_bvp/build/CMakeFiles/CMakeTmp'


***REMOVED*** Feature record: C_FEATURE:1c_function_prototypes
***REMOVED*** Feature record: C_FEATURE:0c_restrict
***REMOVED*** Feature record: C_FEATURE:0c_static_assert
***REMOVED*** Feature record: C_FEATURE:0c_variadic_macros
Determining if the CXX compiler works passed with the following output:
Change Dir: /home/shivanandvp/Development/nlmp_bvp/build/CMakeFiles/CMakeTmp

Run Build Command:"/usr/bin/make" "cmTC_d92d3/fast"
/usr/bin/make -f CMakeFiles/cmTC_d92d3.dir/build.make CMakeFiles/cmTC_d92d3.dir/build
make[1]: Entering directory '/home/shivanandvp/Development/nlmp_bvp/build/CMakeFiles/CMakeTmp'
Building CXX object CMakeFiles/cmTC_d92d3.dir/testCXXCompiler.cxx.o
/bin/g++***REMOVED***  -o CMakeFiles/cmTC_d92d3.dir/testCXXCompiler.cxx.o -c /home/shivanandvp/Development/nlmp_bvp/build/CMakeFiles/CMakeTmp/testCXXCompiler.cxx
Linking CXX executable cmTC_d92d3
/usr/bin/cmake -E cmake_link_script CMakeFiles/cmTC_d92d3.dir/link.txt --verbose=1
/bin/g++***REMOVED******REMOVED*** -rdynamic CMakeFiles/cmTC_d92d3.dir/testCXXCompiler.cxx.o  -o cmTC_d92d3 
make[1]: Leaving directory '/home/shivanandvp/Development/nlmp_bvp/build/CMakeFiles/CMakeTmp'


Detecting CXX compiler ABI info compiled with the following output:
Change Dir: /home/shivanandvp/Development/nlmp_bvp/build/CMakeFiles/CMakeTmp

Run Build Command:"/usr/bin/make" "cmTC_39026/fast"
/usr/bin/make -f CMakeFiles/cmTC_39026.dir/build.make CMakeFiles/cmTC_39026.dir/build
make[1]: Entering directory '/home/shivanandvp/Development/nlmp_bvp/build/CMakeFiles/CMakeTmp'
Building CXX object CMakeFiles/cmTC_39026.dir/CMakeCXXCompilerABI.cpp.o
/bin/g++***REMOVED***  -o CMakeFiles/cmTC_39026.dir/CMakeCXXCompilerABI.cpp.o -c /usr/share/cmake-3.12/Modules/CMakeCXXCompilerABI.cpp
Linking CXX executable cmTC_39026
/usr/bin/cmake -E cmake_link_script CMakeFiles/cmTC_39026.dir/link.txt --verbose=1
/bin/g++***REMOVED******REMOVED***-v -rdynamic CMakeFiles/cmTC_39026.dir/CMakeCXXCompilerABI.cpp.o  -o cmTC_39026 
Using built-in specs.
COLLECT_GCC=/bin/g++
COLLECT_LTO_WRAPPER=/usr/lib/gcc/x86_64-pc-linux-gnu/8.2.1/lto-wrapper
Target: x86_64-pc-linux-gnu
Configured with: /build/gcc/src/gcc/configure --prefix=/usr --libdir=/usr/lib --libexecdir=/usr/lib --mandir=/usr/share/man --infodir=/usr/share/info --with-bugurl=https://bugs.archlinux.org/ --enable-languages=c,c++,ada,fortran,go,lto,objc,obj-c++ --enable-shared --enable-threads=posix --enable-libmpx --with-system-zlib --with-isl --enable-__cxa_atexit --disable-libunwind-exceptions --enable-clocale=gnu --disable-libstdcxx-pch --disable-libssp --enable-gnu-unique-object --enable-linker-build-id --enable-lto --enable-plugin --enable-install-libiberty --with-linker-hash-style=gnu --enable-gnu-indirect-function --enable-multilib --disable-werror --enable-checking=release --enable-default-pie --enable-default-ssp --enable-cet=auto
Thread model: posix
gcc version 8.2.1 20180831 (GCC) 
COMPILER_PATH=/usr/lib/gcc/x86_64-pc-linux-gnu/8.2.1/:/usr/lib/gcc/x86_64-pc-linux-gnu/8.2.1/:/usr/lib/gcc/x86_64-pc-linux-gnu/:/usr/lib/gcc/x86_64-pc-linux-gnu/8.2.1/:/usr/lib/gcc/x86_64-pc-linux-gnu/
LIBRARY_PATH=/usr/lib/gcc/x86_64-pc-linux-gnu/8.2.1/:/usr/lib/gcc/x86_64-pc-linux-gnu/8.2.1/../../../../lib/:/lib/../lib/:/usr/lib/../lib/:/usr/lib/gcc/x86_64-pc-linux-gnu/8.2.1/../../../:/lib/:/usr/lib/
COLLECT_GCC_OPTIONS='-v' '-rdynamic' '-o' 'cmTC_39026' '-shared-libgcc' '-mtune=generic' '-march=x86-64'
 /usr/lib/gcc/x86_64-pc-linux-gnu/8.2.1/collect2 -plugin /usr/lib/gcc/x86_64-pc-linux-gnu/8.2.1/liblto_plugin.so -plugin-opt=/usr/lib/gcc/x86_64-pc-linux-gnu/8.2.1/lto-wrapper -plugin-opt=-fresolution=/tmp/ccQIY8Eb.res -plugin-opt=-pass-through=-lgcc_s -plugin-opt=-pass-through=-lgcc -plugin-opt=-pass-through=-lc -plugin-opt=-pass-through=-lgcc_s -plugin-opt=-pass-through=-lgcc --build-id --eh-frame-hdr --hash-style=gnu -m elf_x86_64 -export-dynamic -dynamic-linker /lib64/ld-linux-x86-64.so.2 -pie -o cmTC_39026 /usr/lib/gcc/x86_64-pc-linux-gnu/8.2.1/../../../../lib/Scrt1.o /usr/lib/gcc/x86_64-pc-linux-gnu/8.2.1/../../../../lib/crti.o /usr/lib/gcc/x86_64-pc-linux-gnu/8.2.1/crtbeginS.o -L/usr/lib/gcc/x86_64-pc-linux-gnu/8.2.1 -L/usr/lib/gcc/x86_64-pc-linux-gnu/8.2.1/../../../../lib -L/lib/../lib -L/usr/lib/../lib -L/usr/lib/gcc/x86_64-pc-linux-gnu/8.2.1/../../.. CMakeFiles/cmTC_39026.dir/CMakeCXXCompilerABI.cpp.o -lstdc++ -lm -lgcc_s -lgcc -lc -lgcc_s -lgcc /usr/lib/gcc/x86_64-pc-linux-gnu/8.2.1/crtendS.o /usr/lib/gcc/x86_64-pc-linux-gnu/8.2.1/../../../../lib/crtn.o
COLLECT_GCC_OPTIONS='-v' '-rdynamic' '-o' 'cmTC_39026' '-shared-libgcc' '-mtune=generic' '-march=x86-64'
make[1]: Leaving directory '/home/shivanandvp/Development/nlmp_bvp/build/CMakeFiles/CMakeTmp'


Parsed CXX implicit link information from above output:
  link line regex: [^( *|.*[/\])(ld|CMAKE_LINK_STARTFILE-NOTFOUND|([^/\]+-)?ld|collect2)[^/\]*( |$)]
  ignore line: [Change Dir: /home/shivanandvp/Development/nlmp_bvp/build/CMakeFiles/CMakeTmp]
  ignore line: []
  ignore line: [Run Build Command:"/usr/bin/make" "cmTC_39026/fast"]
  ignore line: [/usr/bin/make -f CMakeFiles/cmTC_39026.dir/build.make CMakeFiles/cmTC_39026.dir/build]
  ignore line: [make[1]: Entering directory '/home/shivanandvp/Development/nlmp_bvp/build/CMakeFiles/CMakeTmp']
  ignore line: [Building CXX object CMakeFiles/cmTC_39026.dir/CMakeCXXCompilerABI.cpp.o]
  ignore line: [/bin/g++***REMOVED***  -o CMakeFiles/cmTC_39026.dir/CMakeCXXCompilerABI.cpp.o -c /usr/share/cmake-3.12/Modules/CMakeCXXCompilerABI.cpp]
  ignore line: [Linking CXX executable cmTC_39026]
  ignore line: [/usr/bin/cmake -E cmake_link_script CMakeFiles/cmTC_39026.dir/link.txt --verbose=1]
  ignore line: [/bin/g++***REMOVED******REMOVED***-v -rdynamic CMakeFiles/cmTC_39026.dir/CMakeCXXCompilerABI.cpp.o  -o cmTC_39026 ]
  ignore line: [Using built-in specs.]
  ignore line: [COLLECT_GCC=/bin/g++]
  ignore line: [COLLECT_LTO_WRAPPER=/usr/lib/gcc/x86_64-pc-linux-gnu/8.2.1/lto-wrapper]
  ignore line: [Target: x86_64-pc-linux-gnu]
  ignore line: [Configured with: /build/gcc/src/gcc/configure --prefix=/usr --libdir=/usr/lib --libexecdir=/usr/lib --mandir=/usr/share/man --infodir=/usr/share/info --with-bugurl=https://bugs.archlinux.org/ --enable-languages=c,c++,ada,fortran,go,lto,objc,obj-c++ --enable-shared --enable-threads=posix --enable-libmpx --with-system-zlib --with-isl --enable-__cxa_atexit --disable-libunwind-exceptions --enable-clocale=gnu --disable-libstdcxx-pch --disable-libssp --enable-gnu-unique-object --enable-linker-build-id --enable-lto --enable-plugin --enable-install-libiberty --with-linker-hash-style=gnu --enable-gnu-indirect-function --enable-multilib --disable-werror --enable-checking=release --enable-default-pie --enable-default-ssp --enable-cet=auto]
  ignore line: [Thread model: posix]
  ignore line: [gcc version 8.2.1 20180831 (GCC) ]
  ignore line: [COMPILER_PATH=/usr/lib/gcc/x86_64-pc-linux-gnu/8.2.1/:/usr/lib/gcc/x86_64-pc-linux-gnu/8.2.1/:/usr/lib/gcc/x86_64-pc-linux-gnu/:/usr/lib/gcc/x86_64-pc-linux-gnu/8.2.1/:/usr/lib/gcc/x86_64-pc-linux-gnu/]
  ignore line: [LIBRARY_PATH=/usr/lib/gcc/x86_64-pc-linux-gnu/8.2.1/:/usr/lib/gcc/x86_64-pc-linux-gnu/8.2.1/../../../../lib/:/lib/../lib/:/usr/lib/../lib/:/usr/lib/gcc/x86_64-pc-linux-gnu/8.2.1/../../../:/lib/:/usr/lib/]
  ignore line: [COLLECT_GCC_OPTIONS='-v' '-rdynamic' '-o' 'cmTC_39026' '-shared-libgcc' '-mtune=generic' '-march=x86-64']
  link line: [ /usr/lib/gcc/x86_64-pc-linux-gnu/8.2.1/collect2 -plugin /usr/lib/gcc/x86_64-pc-linux-gnu/8.2.1/liblto_plugin.so -plugin-opt=/usr/lib/gcc/x86_64-pc-linux-gnu/8.2.1/lto-wrapper -plugin-opt=-fresolution=/tmp/ccQIY8Eb.res -plugin-opt=-pass-through=-lgcc_s -plugin-opt=-pass-through=-lgcc -plugin-opt=-pass-through=-lc -plugin-opt=-pass-through=-lgcc_s -plugin-opt=-pass-through=-lgcc --build-id --eh-frame-hdr --hash-style=gnu -m elf_x86_64 -export-dynamic -dynamic-linker /lib64/ld-linux-x86-64.so.2 -pie -o cmTC_39026 /usr/lib/gcc/x86_64-pc-linux-gnu/8.2.1/../../../../lib/Scrt1.o /usr/lib/gcc/x86_64-pc-linux-gnu/8.2.1/../../../../lib/crti.o /usr/lib/gcc/x86_64-pc-linux-gnu/8.2.1/crtbeginS.o -L/usr/lib/gcc/x86_64-pc-linux-gnu/8.2.1 -L/usr/lib/gcc/x86_64-pc-linux-gnu/8.2.1/../../../../lib -L/lib/../lib -L/usr/lib/../lib -L/usr/lib/gcc/x86_64-pc-linux-gnu/8.2.1/../../.. CMakeFiles/cmTC_39026.dir/CMakeCXXCompilerABI.cpp.o -lstdc++ -lm -lgcc_s -lgcc -lc -lgcc_s -lgcc /usr/lib/gcc/x86_64-pc-linux-gnu/8.2.1/crtendS.o /usr/lib/gcc/x86_64-pc-linux-gnu/8.2.1/../../../../lib/crtn.o]
***REMOVED*** arg [/usr/lib/gcc/x86_64-pc-linux-gnu/8.2.1/collect2] ==> ignore
***REMOVED*** arg [-plugin] ==> ignore
***REMOVED*** arg [/usr/lib/gcc/x86_64-pc-linux-gnu/8.2.1/liblto_plugin.so] ==> ignore
***REMOVED*** arg [-plugin-opt=/usr/lib/gcc/x86_64-pc-linux-gnu/8.2.1/lto-wrapper] ==> ignore
***REMOVED*** arg [-plugin-opt=-fresolution=/tmp/ccQIY8Eb.res] ==> ignore
***REMOVED*** arg [-plugin-opt=-pass-through=-lgcc_s] ==> ignore
***REMOVED*** arg [-plugin-opt=-pass-through=-lgcc] ==> ignore
***REMOVED*** arg [-plugin-opt=-pass-through=-lc] ==> ignore
***REMOVED*** arg [-plugin-opt=-pass-through=-lgcc_s] ==> ignore
***REMOVED*** arg [-plugin-opt=-pass-through=-lgcc] ==> ignore
***REMOVED*** arg [--build-id] ==> ignore
***REMOVED*** arg [--eh-frame-hdr] ==> ignore
***REMOVED*** arg [--hash-style=gnu] ==> ignore
***REMOVED*** arg [-m] ==> ignore
***REMOVED*** arg [elf_x86_64] ==> ignore
***REMOVED*** arg [-export-dynamic] ==> ignore
***REMOVED*** arg [-dynamic-linker] ==> ignore
***REMOVED*** arg [/lib64/ld-linux-x86-64.so.2] ==> ignore
***REMOVED*** arg [-pie] ==> ignore
***REMOVED*** arg [-o] ==> ignore
***REMOVED*** arg [cmTC_39026] ==> ignore
***REMOVED*** arg [/usr/lib/gcc/x86_64-pc-linux-gnu/8.2.1/../../../../lib/Scrt1.o] ==> ignore
***REMOVED*** arg [/usr/lib/gcc/x86_64-pc-linux-gnu/8.2.1/../../../../lib/crti.o] ==> ignore
***REMOVED*** arg [/usr/lib/gcc/x86_64-pc-linux-gnu/8.2.1/crtbeginS.o] ==> ignore
***REMOVED*** arg [-L/usr/lib/gcc/x86_64-pc-linux-gnu/8.2.1] ==> dir [/usr/lib/gcc/x86_64-pc-linux-gnu/8.2.1]
***REMOVED*** arg [-L/usr/lib/gcc/x86_64-pc-linux-gnu/8.2.1/../../../../lib] ==> dir [/usr/lib/gcc/x86_64-pc-linux-gnu/8.2.1/../../../../lib]
***REMOVED*** arg [-L/lib/../lib] ==> dir [/lib/../lib]
***REMOVED*** arg [-L/usr/lib/../lib] ==> dir [/usr/lib/../lib]
***REMOVED*** arg [-L/usr/lib/gcc/x86_64-pc-linux-gnu/8.2.1/../../..] ==> dir [/usr/lib/gcc/x86_64-pc-linux-gnu/8.2.1/../../..]
***REMOVED*** arg [CMakeFiles/cmTC_39026.dir/CMakeCXXCompilerABI.cpp.o] ==> ignore
***REMOVED*** arg [-lstdc++] ==> lib [stdc++]
***REMOVED*** arg [-lm] ==> lib [m]
***REMOVED*** arg [-lgcc_s] ==> lib [gcc_s]
***REMOVED*** arg [-lgcc] ==> lib [gcc]
***REMOVED*** arg [-lc] ==> lib [c]
***REMOVED*** arg [-lgcc_s] ==> lib [gcc_s]
***REMOVED*** arg [-lgcc] ==> lib [gcc]
***REMOVED*** arg [/usr/lib/gcc/x86_64-pc-linux-gnu/8.2.1/crtendS.o] ==> ignore
***REMOVED*** arg [/usr/lib/gcc/x86_64-pc-linux-gnu/8.2.1/../../../../lib/crtn.o] ==> ignore
  collapse library dir [/usr/lib/gcc/x86_64-pc-linux-gnu/8.2.1] ==> [/usr/lib/gcc/x86_64-pc-linux-gnu/8.2.1]
  collapse library dir [/usr/lib/gcc/x86_64-pc-linux-gnu/8.2.1/../../../../lib] ==> [/usr/lib]
  collapse library dir [/lib/../lib] ==> [/lib]
  collapse library dir [/usr/lib/../lib] ==> [/usr/lib]
  collapse library dir [/usr/lib/gcc/x86_64-pc-linux-gnu/8.2.1/../../..] ==> [/usr/lib]
  implicit libs: [stdc++;m;gcc_s;gcc;c;gcc_s;gcc]
  implicit dirs: [/usr/lib/gcc/x86_64-pc-linux-gnu/8.2.1;/usr/lib;/lib]
  implicit fwks: []




Detecting CXX [-std=c++2a] compiler features compiled with the following output:
Change Dir: /home/shivanandvp/Development/nlmp_bvp/build/CMakeFiles/CMakeTmp

Run Build Command:"/usr/bin/make" "cmTC_db1b8/fast"
/usr/bin/make -f CMakeFiles/cmTC_db1b8.dir/build.make CMakeFiles/cmTC_db1b8.dir/build
make[1]: Entering directory '/home/shivanandvp/Development/nlmp_bvp/build/CMakeFiles/CMakeTmp'
Building CXX object CMakeFiles/cmTC_db1b8.dir/feature_tests.cxx.o
/bin/g++***REMOVED*** -std=c++2a -o CMakeFiles/cmTC_db1b8.dir/feature_tests.cxx.o -c /home/shivanandvp/Development/nlmp_bvp/build/CMakeFiles/feature_tests.cxx
Linking CXX executable cmTC_db1b8
/usr/bin/cmake -E cmake_link_script CMakeFiles/cmTC_db1b8.dir/link.txt --verbose=1
/bin/g++***REMOVED******REMOVED*** -rdynamic CMakeFiles/cmTC_db1b8.dir/feature_tests.cxx.o  -o cmTC_db1b8 
make[1]: Leaving directory '/home/shivanandvp/Development/nlmp_bvp/build/CMakeFiles/CMakeTmp'


***REMOVED*** Feature record: CXX_FEATURE:1cxx_aggregate_default_initializers
***REMOVED*** Feature record: CXX_FEATURE:1cxx_alias_templates
***REMOVED*** Feature record: CXX_FEATURE:1cxx_alignas
***REMOVED*** Feature record: CXX_FEATURE:1cxx_alignof
***REMOVED*** Feature record: CXX_FEATURE:1cxx_attributes
***REMOVED*** Feature record: CXX_FEATURE:1cxx_attribute_deprecated
***REMOVED*** Feature record: CXX_FEATURE:1cxx_auto_type
***REMOVED*** Feature record: CXX_FEATURE:1cxx_binary_literals
***REMOVED*** Feature record: CXX_FEATURE:1cxx_constexpr
***REMOVED*** Feature record: CXX_FEATURE:1cxx_contextual_conversions
***REMOVED*** Feature record: CXX_FEATURE:1cxx_decltype
***REMOVED*** Feature record: CXX_FEATURE:1cxx_decltype_auto
***REMOVED*** Feature record: CXX_FEATURE:1cxx_decltype_incomplete_return_types
***REMOVED*** Feature record: CXX_FEATURE:1cxx_default_function_template_args
***REMOVED*** Feature record: CXX_FEATURE:1cxx_defaulted_functions
***REMOVED*** Feature record: CXX_FEATURE:1cxx_defaulted_move_initializers
***REMOVED*** Feature record: CXX_FEATURE:1cxx_delegating_constructors
***REMOVED*** Feature record: CXX_FEATURE:1cxx_deleted_functions
***REMOVED*** Feature record: CXX_FEATURE:1cxx_digit_separators
***REMOVED*** Feature record: CXX_FEATURE:1cxx_enum_forward_declarations
***REMOVED*** Feature record: CXX_FEATURE:1cxx_explicit_conversions
***REMOVED*** Feature record: CXX_FEATURE:1cxx_extended_friend_declarations
***REMOVED*** Feature record: CXX_FEATURE:1cxx_extern_templates
***REMOVED*** Feature record: CXX_FEATURE:1cxx_final
***REMOVED*** Feature record: CXX_FEATURE:1cxx_func_identifier
***REMOVED*** Feature record: CXX_FEATURE:1cxx_generalized_initializers
***REMOVED*** Feature record: CXX_FEATURE:1cxx_generic_lambdas
***REMOVED*** Feature record: CXX_FEATURE:1cxx_inheriting_constructors
***REMOVED*** Feature record: CXX_FEATURE:1cxx_inline_namespaces
***REMOVED*** Feature record: CXX_FEATURE:1cxx_lambdas
***REMOVED*** Feature record: CXX_FEATURE:1cxx_lambda_init_captures
***REMOVED*** Feature record: CXX_FEATURE:1cxx_local_type_template_args
***REMOVED*** Feature record: CXX_FEATURE:1cxx_long_long_type
***REMOVED*** Feature record: CXX_FEATURE:1cxx_noexcept
***REMOVED*** Feature record: CXX_FEATURE:1cxx_nonstatic_member_init
***REMOVED*** Feature record: CXX_FEATURE:1cxx_nullptr
***REMOVED*** Feature record: CXX_FEATURE:1cxx_override
***REMOVED*** Feature record: CXX_FEATURE:1cxx_range_for
***REMOVED*** Feature record: CXX_FEATURE:1cxx_raw_string_literals
***REMOVED*** Feature record: CXX_FEATURE:1cxx_reference_qualified_functions
***REMOVED*** Feature record: CXX_FEATURE:1cxx_relaxed_constexpr
***REMOVED*** Feature record: CXX_FEATURE:1cxx_return_type_deduction
***REMOVED*** Feature record: CXX_FEATURE:1cxx_right_angle_brackets
***REMOVED*** Feature record: CXX_FEATURE:1cxx_rvalue_references
***REMOVED*** Feature record: CXX_FEATURE:1cxx_sizeof_member
***REMOVED*** Feature record: CXX_FEATURE:1cxx_static_assert
***REMOVED*** Feature record: CXX_FEATURE:1cxx_strong_enums
***REMOVED*** Feature record: CXX_FEATURE:1cxx_template_template_parameters
***REMOVED*** Feature record: CXX_FEATURE:1cxx_thread_local
***REMOVED*** Feature record: CXX_FEATURE:1cxx_trailing_return_types
***REMOVED*** Feature record: CXX_FEATURE:1cxx_unicode_literals
***REMOVED*** Feature record: CXX_FEATURE:1cxx_uniform_initialization
***REMOVED*** Feature record: CXX_FEATURE:1cxx_unrestricted_unions
***REMOVED*** Feature record: CXX_FEATURE:1cxx_user_literals
***REMOVED*** Feature record: CXX_FEATURE:1cxx_variable_templates
***REMOVED*** Feature record: CXX_FEATURE:1cxx_variadic_macros
***REMOVED*** Feature record: CXX_FEATURE:1cxx_variadic_templates


Detecting CXX [-std=c++17] compiler features compiled with the following output:
Change Dir: /home/shivanandvp/Development/nlmp_bvp/build/CMakeFiles/CMakeTmp

Run Build Command:"/usr/bin/make" "cmTC_08442/fast"
/usr/bin/make -f CMakeFiles/cmTC_08442.dir/build.make CMakeFiles/cmTC_08442.dir/build
make[1]: Entering directory '/home/shivanandvp/Development/nlmp_bvp/build/CMakeFiles/CMakeTmp'
Building CXX object CMakeFiles/cmTC_08442.dir/feature_tests.cxx.o
/bin/g++***REMOVED*** -std=c++17 -o CMakeFiles/cmTC_08442.dir/feature_tests.cxx.o -c /home/shivanandvp/Development/nlmp_bvp/build/CMakeFiles/feature_tests.cxx
Linking CXX executable cmTC_08442
/usr/bin/cmake -E cmake_link_script CMakeFiles/cmTC_08442.dir/link.txt --verbose=1
/bin/g++***REMOVED******REMOVED*** -rdynamic CMakeFiles/cmTC_08442.dir/feature_tests.cxx.o  -o cmTC_08442 
make[1]: Leaving directory '/home/shivanandvp/Development/nlmp_bvp/build/CMakeFiles/CMakeTmp'


***REMOVED*** Feature record: CXX_FEATURE:1cxx_aggregate_default_initializers
***REMOVED*** Feature record: CXX_FEATURE:1cxx_alias_templates
***REMOVED*** Feature record: CXX_FEATURE:1cxx_alignas
***REMOVED*** Feature record: CXX_FEATURE:1cxx_alignof
***REMOVED*** Feature record: CXX_FEATURE:1cxx_attributes
***REMOVED*** Feature record: CXX_FEATURE:1cxx_attribute_deprecated
***REMOVED*** Feature record: CXX_FEATURE:1cxx_auto_type
***REMOVED*** Feature record: CXX_FEATURE:1cxx_binary_literals
***REMOVED*** Feature record: CXX_FEATURE:1cxx_constexpr
***REMOVED*** Feature record: CXX_FEATURE:1cxx_contextual_conversions
***REMOVED*** Feature record: CXX_FEATURE:1cxx_decltype
***REMOVED*** Feature record: CXX_FEATURE:1cxx_decltype_auto
***REMOVED*** Feature record: CXX_FEATURE:1cxx_decltype_incomplete_return_types
***REMOVED*** Feature record: CXX_FEATURE:1cxx_default_function_template_args
***REMOVED*** Feature record: CXX_FEATURE:1cxx_defaulted_functions
***REMOVED*** Feature record: CXX_FEATURE:1cxx_defaulted_move_initializers
***REMOVED*** Feature record: CXX_FEATURE:1cxx_delegating_constructors
***REMOVED*** Feature record: CXX_FEATURE:1cxx_deleted_functions
***REMOVED*** Feature record: CXX_FEATURE:1cxx_digit_separators
***REMOVED*** Feature record: CXX_FEATURE:1cxx_enum_forward_declarations
***REMOVED*** Feature record: CXX_FEATURE:1cxx_explicit_conversions
***REMOVED*** Feature record: CXX_FEATURE:1cxx_extended_friend_declarations
***REMOVED*** Feature record: CXX_FEATURE:1cxx_extern_templates
***REMOVED*** Feature record: CXX_FEATURE:1cxx_final
***REMOVED*** Feature record: CXX_FEATURE:1cxx_func_identifier
***REMOVED*** Feature record: CXX_FEATURE:1cxx_generalized_initializers
***REMOVED*** Feature record: CXX_FEATURE:1cxx_generic_lambdas
***REMOVED*** Feature record: CXX_FEATURE:1cxx_inheriting_constructors
***REMOVED*** Feature record: CXX_FEATURE:1cxx_inline_namespaces
***REMOVED*** Feature record: CXX_FEATURE:1cxx_lambdas
***REMOVED*** Feature record: CXX_FEATURE:1cxx_lambda_init_captures
***REMOVED*** Feature record: CXX_FEATURE:1cxx_local_type_template_args
***REMOVED*** Feature record: CXX_FEATURE:1cxx_long_long_type
***REMOVED*** Feature record: CXX_FEATURE:1cxx_noexcept
***REMOVED*** Feature record: CXX_FEATURE:1cxx_nonstatic_member_init
***REMOVED*** Feature record: CXX_FEATURE:1cxx_nullptr
***REMOVED*** Feature record: CXX_FEATURE:1cxx_override
***REMOVED*** Feature record: CXX_FEATURE:1cxx_range_for
***REMOVED*** Feature record: CXX_FEATURE:1cxx_raw_string_literals
***REMOVED*** Feature record: CXX_FEATURE:1cxx_reference_qualified_functions
***REMOVED*** Feature record: CXX_FEATURE:1cxx_relaxed_constexpr
***REMOVED*** Feature record: CXX_FEATURE:1cxx_return_type_deduction
***REMOVED*** Feature record: CXX_FEATURE:1cxx_right_angle_brackets
***REMOVED*** Feature record: CXX_FEATURE:1cxx_rvalue_references
***REMOVED*** Feature record: CXX_FEATURE:1cxx_sizeof_member
***REMOVED*** Feature record: CXX_FEATURE:1cxx_static_assert
***REMOVED*** Feature record: CXX_FEATURE:1cxx_strong_enums
***REMOVED*** Feature record: CXX_FEATURE:1cxx_template_template_parameters
***REMOVED*** Feature record: CXX_FEATURE:1cxx_thread_local
***REMOVED*** Feature record: CXX_FEATURE:1cxx_trailing_return_types
***REMOVED*** Feature record: CXX_FEATURE:1cxx_unicode_literals
***REMOVED*** Feature record: CXX_FEATURE:1cxx_uniform_initialization
***REMOVED*** Feature record: CXX_FEATURE:1cxx_unrestricted_unions
***REMOVED*** Feature record: CXX_FEATURE:1cxx_user_literals
***REMOVED*** Feature record: CXX_FEATURE:1cxx_variable_templates
***REMOVED*** Feature record: CXX_FEATURE:1cxx_variadic_macros
***REMOVED*** Feature record: CXX_FEATURE:1cxx_variadic_templates


Detecting CXX [-std=c++14] compiler features compiled with the following output:
Change Dir: /home/shivanandvp/Development/nlmp_bvp/build/CMakeFiles/CMakeTmp

Run Build Command:"/usr/bin/make" "cmTC_f71e3/fast"
/usr/bin/make -f CMakeFiles/cmTC_f71e3.dir/build.make CMakeFiles/cmTC_f71e3.dir/build
make[1]: Entering directory '/home/shivanandvp/Development/nlmp_bvp/build/CMakeFiles/CMakeTmp'
Building CXX object CMakeFiles/cmTC_f71e3.dir/feature_tests.cxx.o
/bin/g++***REMOVED*** -std=c++14 -o CMakeFiles/cmTC_f71e3.dir/feature_tests.cxx.o -c /home/shivanandvp/Development/nlmp_bvp/build/CMakeFiles/feature_tests.cxx
Linking CXX executable cmTC_f71e3
/usr/bin/cmake -E cmake_link_script CMakeFiles/cmTC_f71e3.dir/link.txt --verbose=1
/bin/g++***REMOVED******REMOVED*** -rdynamic CMakeFiles/cmTC_f71e3.dir/feature_tests.cxx.o  -o cmTC_f71e3 
make[1]: Leaving directory '/home/shivanandvp/Development/nlmp_bvp/build/CMakeFiles/CMakeTmp'


***REMOVED*** Feature record: CXX_FEATURE:1cxx_aggregate_default_initializers
***REMOVED*** Feature record: CXX_FEATURE:1cxx_alias_templates
***REMOVED*** Feature record: CXX_FEATURE:1cxx_alignas
***REMOVED*** Feature record: CXX_FEATURE:1cxx_alignof
***REMOVED*** Feature record: CXX_FEATURE:1cxx_attributes
***REMOVED*** Feature record: CXX_FEATURE:1cxx_attribute_deprecated
***REMOVED*** Feature record: CXX_FEATURE:1cxx_auto_type
***REMOVED*** Feature record: CXX_FEATURE:1cxx_binary_literals
***REMOVED*** Feature record: CXX_FEATURE:1cxx_constexpr
***REMOVED*** Feature record: CXX_FEATURE:1cxx_contextual_conversions
***REMOVED*** Feature record: CXX_FEATURE:1cxx_decltype
***REMOVED*** Feature record: CXX_FEATURE:1cxx_decltype_auto
***REMOVED*** Feature record: CXX_FEATURE:1cxx_decltype_incomplete_return_types
***REMOVED*** Feature record: CXX_FEATURE:1cxx_default_function_template_args
***REMOVED*** Feature record: CXX_FEATURE:1cxx_defaulted_functions
***REMOVED*** Feature record: CXX_FEATURE:1cxx_defaulted_move_initializers
***REMOVED*** Feature record: CXX_FEATURE:1cxx_delegating_constructors
***REMOVED*** Feature record: CXX_FEATURE:1cxx_deleted_functions
***REMOVED*** Feature record: CXX_FEATURE:1cxx_digit_separators
***REMOVED*** Feature record: CXX_FEATURE:1cxx_enum_forward_declarations
***REMOVED*** Feature record: CXX_FEATURE:1cxx_explicit_conversions
***REMOVED*** Feature record: CXX_FEATURE:1cxx_extended_friend_declarations
***REMOVED*** Feature record: CXX_FEATURE:1cxx_extern_templates
***REMOVED*** Feature record: CXX_FEATURE:1cxx_final
***REMOVED*** Feature record: CXX_FEATURE:1cxx_func_identifier
***REMOVED*** Feature record: CXX_FEATURE:1cxx_generalized_initializers
***REMOVED*** Feature record: CXX_FEATURE:1cxx_generic_lambdas
***REMOVED*** Feature record: CXX_FEATURE:1cxx_inheriting_constructors
***REMOVED*** Feature record: CXX_FEATURE:1cxx_inline_namespaces
***REMOVED*** Feature record: CXX_FEATURE:1cxx_lambdas
***REMOVED*** Feature record: CXX_FEATURE:1cxx_lambda_init_captures
***REMOVED*** Feature record: CXX_FEATURE:1cxx_local_type_template_args
***REMOVED*** Feature record: CXX_FEATURE:1cxx_long_long_type
***REMOVED*** Feature record: CXX_FEATURE:1cxx_noexcept
***REMOVED*** Feature record: CXX_FEATURE:1cxx_nonstatic_member_init
***REMOVED*** Feature record: CXX_FEATURE:1cxx_nullptr
***REMOVED*** Feature record: CXX_FEATURE:1cxx_override
***REMOVED*** Feature record: CXX_FEATURE:1cxx_range_for
***REMOVED*** Feature record: CXX_FEATURE:1cxx_raw_string_literals
***REMOVED*** Feature record: CXX_FEATURE:1cxx_reference_qualified_functions
***REMOVED*** Feature record: CXX_FEATURE:1cxx_relaxed_constexpr
***REMOVED*** Feature record: CXX_FEATURE:1cxx_return_type_deduction
***REMOVED*** Feature record: CXX_FEATURE:1cxx_right_angle_brackets
***REMOVED*** Feature record: CXX_FEATURE:1cxx_rvalue_references
***REMOVED*** Feature record: CXX_FEATURE:1cxx_sizeof_member
***REMOVED*** Feature record: CXX_FEATURE:1cxx_static_assert
***REMOVED*** Feature record: CXX_FEATURE:1cxx_strong_enums
***REMOVED*** Feature record: CXX_FEATURE:1cxx_template_template_parameters
***REMOVED*** Feature record: CXX_FEATURE:1cxx_thread_local
***REMOVED*** Feature record: CXX_FEATURE:1cxx_trailing_return_types
***REMOVED*** Feature record: CXX_FEATURE:1cxx_unicode_literals
***REMOVED*** Feature record: CXX_FEATURE:1cxx_uniform_initialization
***REMOVED*** Feature record: CXX_FEATURE:1cxx_unrestricted_unions
***REMOVED*** Feature record: CXX_FEATURE:1cxx_user_literals
***REMOVED*** Feature record: CXX_FEATURE:1cxx_variable_templates
***REMOVED*** Feature record: CXX_FEATURE:1cxx_variadic_macros
***REMOVED*** Feature record: CXX_FEATURE:1cxx_variadic_templates


Detecting CXX [-std=c++11] compiler features compiled with the following output:
Change Dir: /home/shivanandvp/Development/nlmp_bvp/build/CMakeFiles/CMakeTmp

Run Build Command:"/usr/bin/make" "cmTC_f3687/fast"
/usr/bin/make -f CMakeFiles/cmTC_f3687.dir/build.make CMakeFiles/cmTC_f3687.dir/build
make[1]: Entering directory '/home/shivanandvp/Development/nlmp_bvp/build/CMakeFiles/CMakeTmp'
Building CXX object CMakeFiles/cmTC_f3687.dir/feature_tests.cxx.o
/bin/g++***REMOVED*** -std=c++11 -o CMakeFiles/cmTC_f3687.dir/feature_tests.cxx.o -c /home/shivanandvp/Development/nlmp_bvp/build/CMakeFiles/feature_tests.cxx
Linking CXX executable cmTC_f3687
/usr/bin/cmake -E cmake_link_script CMakeFiles/cmTC_f3687.dir/link.txt --verbose=1
/bin/g++***REMOVED******REMOVED*** -rdynamic CMakeFiles/cmTC_f3687.dir/feature_tests.cxx.o  -o cmTC_f3687 
make[1]: Leaving directory '/home/shivanandvp/Development/nlmp_bvp/build/CMakeFiles/CMakeTmp'


***REMOVED*** Feature record: CXX_FEATURE:0cxx_aggregate_default_initializers
***REMOVED*** Feature record: CXX_FEATURE:1cxx_alias_templates
***REMOVED*** Feature record: CXX_FEATURE:1cxx_alignas
***REMOVED*** Feature record: CXX_FEATURE:1cxx_alignof
***REMOVED*** Feature record: CXX_FEATURE:1cxx_attributes
***REMOVED*** Feature record: CXX_FEATURE:0cxx_attribute_deprecated
***REMOVED*** Feature record: CXX_FEATURE:1cxx_auto_type
***REMOVED*** Feature record: CXX_FEATURE:0cxx_binary_literals
***REMOVED*** Feature record: CXX_FEATURE:1cxx_constexpr
***REMOVED*** Feature record: CXX_FEATURE:0cxx_contextual_conversions
***REMOVED*** Feature record: CXX_FEATURE:1cxx_decltype
***REMOVED*** Feature record: CXX_FEATURE:0cxx_decltype_auto
***REMOVED*** Feature record: CXX_FEATURE:1cxx_decltype_incomplete_return_types
***REMOVED*** Feature record: CXX_FEATURE:1cxx_default_function_template_args
***REMOVED*** Feature record: CXX_FEATURE:1cxx_defaulted_functions
***REMOVED*** Feature record: CXX_FEATURE:1cxx_defaulted_move_initializers
***REMOVED*** Feature record: CXX_FEATURE:1cxx_delegating_constructors
***REMOVED*** Feature record: CXX_FEATURE:1cxx_deleted_functions
***REMOVED*** Feature record: CXX_FEATURE:0cxx_digit_separators
***REMOVED*** Feature record: CXX_FEATURE:1cxx_enum_forward_declarations
***REMOVED*** Feature record: CXX_FEATURE:1cxx_explicit_conversions
***REMOVED*** Feature record: CXX_FEATURE:1cxx_extended_friend_declarations
***REMOVED*** Feature record: CXX_FEATURE:1cxx_extern_templates
***REMOVED*** Feature record: CXX_FEATURE:1cxx_final
***REMOVED*** Feature record: CXX_FEATURE:1cxx_func_identifier
***REMOVED*** Feature record: CXX_FEATURE:1cxx_generalized_initializers
***REMOVED*** Feature record: CXX_FEATURE:0cxx_generic_lambdas
***REMOVED*** Feature record: CXX_FEATURE:1cxx_inheriting_constructors
***REMOVED*** Feature record: CXX_FEATURE:1cxx_inline_namespaces
***REMOVED*** Feature record: CXX_FEATURE:1cxx_lambdas
***REMOVED*** Feature record: CXX_FEATURE:0cxx_lambda_init_captures
***REMOVED*** Feature record: CXX_FEATURE:1cxx_local_type_template_args
***REMOVED*** Feature record: CXX_FEATURE:1cxx_long_long_type
***REMOVED*** Feature record: CXX_FEATURE:1cxx_noexcept
***REMOVED*** Feature record: CXX_FEATURE:1cxx_nonstatic_member_init
***REMOVED*** Feature record: CXX_FEATURE:1cxx_nullptr
***REMOVED*** Feature record: CXX_FEATURE:1cxx_override
***REMOVED*** Feature record: CXX_FEATURE:1cxx_range_for
***REMOVED*** Feature record: CXX_FEATURE:1cxx_raw_string_literals
***REMOVED*** Feature record: CXX_FEATURE:1cxx_reference_qualified_functions
***REMOVED*** Feature record: CXX_FEATURE:0cxx_relaxed_constexpr
***REMOVED*** Feature record: CXX_FEATURE:0cxx_return_type_deduction
***REMOVED*** Feature record: CXX_FEATURE:1cxx_right_angle_brackets
***REMOVED*** Feature record: CXX_FEATURE:1cxx_rvalue_references
***REMOVED*** Feature record: CXX_FEATURE:1cxx_sizeof_member
***REMOVED*** Feature record: CXX_FEATURE:1cxx_static_assert
***REMOVED*** Feature record: CXX_FEATURE:1cxx_strong_enums
***REMOVED*** Feature record: CXX_FEATURE:1cxx_template_template_parameters
***REMOVED*** Feature record: CXX_FEATURE:1cxx_thread_local
***REMOVED*** Feature record: CXX_FEATURE:1cxx_trailing_return_types
***REMOVED*** Feature record: CXX_FEATURE:1cxx_unicode_literals
***REMOVED*** Feature record: CXX_FEATURE:1cxx_uniform_initialization
***REMOVED*** Feature record: CXX_FEATURE:1cxx_unrestricted_unions
***REMOVED*** Feature record: CXX_FEATURE:1cxx_user_literals
***REMOVED*** Feature record: CXX_FEATURE:0cxx_variable_templates
***REMOVED*** Feature record: CXX_FEATURE:1cxx_variadic_macros
***REMOVED*** Feature record: CXX_FEATURE:1cxx_variadic_templates


Detecting CXX [-std=c++98] compiler features compiled with the following output:
Change Dir: /home/shivanandvp/Development/nlmp_bvp/build/CMakeFiles/CMakeTmp

Run Build Command:"/usr/bin/make" "cmTC_79e61/fast"
/usr/bin/make -f CMakeFiles/cmTC_79e61.dir/build.make CMakeFiles/cmTC_79e61.dir/build
make[1]: Entering directory '/home/shivanandvp/Development/nlmp_bvp/build/CMakeFiles/CMakeTmp'
Building CXX object CMakeFiles/cmTC_79e61.dir/feature_tests.cxx.o
/bin/g++***REMOVED*** -std=c++98 -o CMakeFiles/cmTC_79e61.dir/feature_tests.cxx.o -c /home/shivanandvp/Development/nlmp_bvp/build/CMakeFiles/feature_tests.cxx
Linking CXX executable cmTC_79e61
/usr/bin/cmake -E cmake_link_script CMakeFiles/cmTC_79e61.dir/link.txt --verbose=1
/bin/g++***REMOVED******REMOVED*** -rdynamic CMakeFiles/cmTC_79e61.dir/feature_tests.cxx.o  -o cmTC_79e61 
make[1]: Leaving directory '/home/shivanandvp/Development/nlmp_bvp/build/CMakeFiles/CMakeTmp'


***REMOVED*** Feature record: CXX_FEATURE:0cxx_aggregate_default_initializers
***REMOVED*** Feature record: CXX_FEATURE:0cxx_alias_templates
***REMOVED*** Feature record: CXX_FEATURE:0cxx_alignas
***REMOVED*** Feature record: CXX_FEATURE:0cxx_alignof
***REMOVED*** Feature record: CXX_FEATURE:0cxx_attributes
***REMOVED*** Feature record: CXX_FEATURE:0cxx_attribute_deprecated
***REMOVED*** Feature record: CXX_FEATURE:0cxx_auto_type
***REMOVED*** Feature record: CXX_FEATURE:0cxx_binary_literals
***REMOVED*** Feature record: CXX_FEATURE:0cxx_constexpr
***REMOVED*** Feature record: CXX_FEATURE:0cxx_contextual_conversions
***REMOVED*** Feature record: CXX_FEATURE:0cxx_decltype
***REMOVED*** Feature record: CXX_FEATURE:0cxx_decltype_auto
***REMOVED*** Feature record: CXX_FEATURE:0cxx_decltype_incomplete_return_types
***REMOVED*** Feature record: CXX_FEATURE:0cxx_default_function_template_args
***REMOVED*** Feature record: CXX_FEATURE:0cxx_defaulted_functions
***REMOVED*** Feature record: CXX_FEATURE:0cxx_defaulted_move_initializers
***REMOVED*** Feature record: CXX_FEATURE:0cxx_delegating_constructors
***REMOVED*** Feature record: CXX_FEATURE:0cxx_deleted_functions
***REMOVED*** Feature record: CXX_FEATURE:0cxx_digit_separators
***REMOVED*** Feature record: CXX_FEATURE:0cxx_enum_forward_declarations
***REMOVED*** Feature record: CXX_FEATURE:0cxx_explicit_conversions
***REMOVED*** Feature record: CXX_FEATURE:0cxx_extended_friend_declarations
***REMOVED*** Feature record: CXX_FEATURE:0cxx_extern_templates
***REMOVED*** Feature record: CXX_FEATURE:0cxx_final
***REMOVED*** Feature record: CXX_FEATURE:0cxx_func_identifier
***REMOVED*** Feature record: CXX_FEATURE:0cxx_generalized_initializers
***REMOVED*** Feature record: CXX_FEATURE:0cxx_generic_lambdas
***REMOVED*** Feature record: CXX_FEATURE:0cxx_inheriting_constructors
***REMOVED*** Feature record: CXX_FEATURE:0cxx_inline_namespaces
***REMOVED*** Feature record: CXX_FEATURE:0cxx_lambdas
***REMOVED*** Feature record: CXX_FEATURE:0cxx_lambda_init_captures
***REMOVED*** Feature record: CXX_FEATURE:0cxx_local_type_template_args
***REMOVED*** Feature record: CXX_FEATURE:0cxx_long_long_type
***REMOVED*** Feature record: CXX_FEATURE:0cxx_noexcept
***REMOVED*** Feature record: CXX_FEATURE:0cxx_nonstatic_member_init
***REMOVED*** Feature record: CXX_FEATURE:0cxx_nullptr
***REMOVED*** Feature record: CXX_FEATURE:0cxx_override
***REMOVED*** Feature record: CXX_FEATURE:0cxx_range_for
***REMOVED*** Feature record: CXX_FEATURE:0cxx_raw_string_literals
***REMOVED*** Feature record: CXX_FEATURE:0cxx_reference_qualified_functions
***REMOVED*** Feature record: CXX_FEATURE:0cxx_relaxed_constexpr
***REMOVED*** Feature record: CXX_FEATURE:0cxx_return_type_deduction
***REMOVED*** Feature record: CXX_FEATURE:0cxx_right_angle_brackets
***REMOVED*** Feature record: CXX_FEATURE:0cxx_rvalue_references
***REMOVED*** Feature record: CXX_FEATURE:0cxx_sizeof_member
***REMOVED*** Feature record: CXX_FEATURE:0cxx_static_assert
***REMOVED*** Feature record: CXX_FEATURE:0cxx_strong_enums
***REMOVED*** Feature record: CXX_FEATURE:1cxx_template_template_parameters
***REMOVED*** Feature record: CXX_FEATURE:0cxx_thread_local
***REMOVED*** Feature record: CXX_FEATURE:0cxx_trailing_return_types
***REMOVED*** Feature record: CXX_FEATURE:0cxx_unicode_literals
***REMOVED*** Feature record: CXX_FEATURE:0cxx_uniform_initialization
***REMOVED*** Feature record: CXX_FEATURE:0cxx_unrestricted_unions
***REMOVED*** Feature record: CXX_FEATURE:0cxx_user_literals
***REMOVED*** Feature record: CXX_FEATURE:0cxx_variable_templates
***REMOVED*** Feature record: CXX_FEATURE:0cxx_variadic_macros
***REMOVED*** Feature record: CXX_FEATURE:0cxx_variadic_templates
